0 info it worked if it ends with ok
1 verbose cli [ 'C:\\Program Files\\nodejs\\node.exe',
1 verbose cli   'C:\\Program Files\\nodejs\\node_modules\\npm\\bin\\npm-cli.js',
1 verbose cli   'publish' ]
2 info using npm@3.9.3
3 info using node@v6.2.1
4 verbose publish [ '.' ]
5 silly cache add args [ '.', null ]
6 verbose cache add spec .
7 silly cache add parsed spec Result {
7 silly cache add   raw: '.',
7 silly cache add   scope: null,
7 silly cache add   name: null,
7 silly cache add   rawSpec: '.',
7 silly cache add   spec: 'C:\\Users\\hoang\\WebstormProjects\\deployd-push-dashboard',
7 silly cache add   type: 'directory' }
8 verbose addLocalDirectory C:\Users\hoang\AppData\Roaming\npm-cache\dpd-push-dashboard\1.0.0\package.tgz not in flight; packing
9 verbose correctMkdir C:\Users\hoang\AppData\Roaming\npm-cache correctMkdir not in flight; initializing
10 info lifecycle dpd-push-dashboard@1.0.0~prepublish: dpd-push-dashboard@1.0.0
11 silly lifecycle dpd-push-dashboard@1.0.0~prepublish: no script for prepublish, continuing
12 verbose tar pack [ 'C:\\Users\\hoang\\AppData\\Roaming\\npm-cache\\dpd-push-dashboard\\1.0.0\\package.tgz',
12 verbose tar pack   'C:\\Users\\hoang\\WebstormProjects\\deployd-push-dashboard' ]
13 verbose tarball C:\Users\hoang\AppData\Roaming\npm-cache\dpd-push-dashboard\1.0.0\package.tgz
14 verbose folder C:\Users\hoang\WebstormProjects\deployd-push-dashboard
15 verbose addLocalTarball adding from inside cache C:\Users\hoang\AppData\Roaming\npm-cache\dpd-push-dashboard\1.0.0\package.tgz
16 verbose correctMkdir C:\Users\hoang\AppData\Roaming\npm-cache correctMkdir not in flight; initializing
17 silly cache afterAdd dpd-push-dashboard@1.0.0
18 verbose afterAdd C:\Users\hoang\AppData\Roaming\npm-cache\dpd-push-dashboard\1.0.0\package\package.json not in flight; writing
19 verbose correctMkdir C:\Users\hoang\AppData\Roaming\npm-cache correctMkdir not in flight; initializing
20 verbose afterAdd C:\Users\hoang\AppData\Roaming\npm-cache\dpd-push-dashboard\1.0.0\package\package.json written
21 silly publish { name: 'dpd-push-dashboard',
21 silly publish   version: '1.0.0',
21 silly publish   description: 'send push notification to client with dashboard, using FCM',
21 silly publish   main: 'index.js',
21 silly publish   scripts: { test: 'echo "Error: no test specified" && exit 1' },
21 silly publish   author: { name: 'Phuc Hoang' },
21 silly publish   license: 'ISC',
21 silly publish   dependencies: {},
21 silly publish   _id: 'dpd-push-dashboard@1.0.0',
21 silly publish   _npmVersion: '3.8.3',
21 silly publish   _nodeVersion: '5.10.1',
21 silly publish   _npmUser: { name: 'hoangphuc', email: 'dr.hoangphuc@gmail.com' },
21 silly publish   maintainers: [ { name: 'hoangphuc', email: 'dr.hoangphuc@gmail.com' } ],
21 silly publish   readme: '# FCM Push notifications cross-platform for deployd\r\n\r\n## Screenshot  \r\n\r\n\r\n## Install  \r\n\r\n\tnpm install --save deployd-push-dashboard\r\n\r\n## Usage  \r\n\r\n1. Get your SERVER_KEY in Firebase dashboard\r\n2. Access deployd dashboard, click config sub-menu in FCM, set SERVER_KEY \r\n3. Click push sub-menu, fill title, body and regTokens, each regToken in one line  \r\n\r\n## Example   \r\ntitle:  Hello  \r\nbody:   Everyone  \r\nusers:  jncjacbaucbub233ijn\r\n\t\tknscahc89hqinwcjcca\r\n\t\tcnascanc8qehnfcacuc  \r\n\r\n',
21 silly publish   readmeFilename: 'README.md',
21 silly publish   gitHead: '1ec04e69157a21c59a3401fdeea0aa75f67d57de',
21 silly publish   _shasum: '3eea349c950255a4b61e4cb5c9b1c72dbe1300d1',
21 silly publish   _from: '.' }
22 verbose getPublishConfig undefined
23 silly mapToRegistry name dpd-push-dashboard
24 silly mapToRegistry using default registry
25 silly mapToRegistry registry https://registry.npmjs.org/
26 silly mapToRegistry data Result {
26 silly mapToRegistry   raw: 'dpd-push-dashboard',
26 silly mapToRegistry   scope: null,
26 silly mapToRegistry   name: 'dpd-push-dashboard',
26 silly mapToRegistry   rawSpec: '',
26 silly mapToRegistry   spec: 'latest',
26 silly mapToRegistry   type: 'tag' }
27 silly mapToRegistry uri https://registry.npmjs.org/dpd-push-dashboard
28 verbose publish registryBase https://registry.npmjs.org/
29 silly publish uploading C:\Users\hoang\AppData\Roaming\npm-cache\dpd-push-dashboard\1.0.0\package.tgz
30 verbose request uri https://registry.npmjs.org/dpd-push-dashboard
31 verbose request sending authorization for write operation
32 info attempt registry request try #1 at 6:38:47 PM
33 verbose request using bearer token for auth
34 verbose request id 711f239c44d61592
35 http request PUT https://registry.npmjs.org/dpd-push-dashboard
36 http 403 https://registry.npmjs.org/dpd-push-dashboard
37 verbose headers { 'content-type': 'application/json',
37 verbose headers   'cache-control': 'max-age=300',
37 verbose headers   'content-length': '95',
37 verbose headers   'accept-ranges': 'bytes',
37 verbose headers   date: 'Thu, 28 Jul 2016 11:40:48 GMT',
37 verbose headers   via: '1.1 varnish',
37 verbose headers   connection: 'keep-alive',
37 verbose headers   'x-served-by': 'cache-hkg6825-HKG',
37 verbose headers   'x-cache': 'MISS',
37 verbose headers   'x-cache-hits': '0',
37 verbose headers   'x-timer': 'S1469706047.737429,VS0,VE767',
37 verbose headers   vary: 'Accept-Encoding' }
38 verbose request invalidating C:\Users\hoang\AppData\Roaming\npm-cache\registry.npmjs.org\dpd-push-dashboard on PUT
39 error publish Failed PUT 403
40 verbose stack Error: "You cannot publish over the previously published version 1.0.0." : dpd-push-dashboard
40 verbose stack     at makeError (C:\Program Files\nodejs\node_modules\npm\node_modules\npm-registry-client\lib\request.js:264:12)
40 verbose stack     at CachingRegistryClient.<anonymous> (C:\Program Files\nodejs\node_modules\npm\node_modules\npm-registry-client\lib\request.js:252:14)
40 verbose stack     at Request._callback (C:\Program Files\nodejs\node_modules\npm\node_modules\npm-registry-client\lib\request.js:172:14)
40 verbose stack     at Request.self.callback (C:\Program Files\nodejs\node_modules\npm\node_modules\request\request.js:200:22)
40 verbose stack     at emitTwo (events.js:106:13)
40 verbose stack     at Request.emit (events.js:191:7)
40 verbose stack     at Request.<anonymous> (C:\Program Files\nodejs\node_modules\npm\node_modules\request\request.js:1067:10)
40 verbose stack     at emitOne (events.js:101:20)
40 verbose stack     at Request.emit (events.js:188:7)
40 verbose stack     at IncomingMessage.<anonymous> (C:\Program Files\nodejs\node_modules\npm\node_modules\request\request.js:988:12)
41 verbose statusCode 403
42 verbose pkgid dpd-push-dashboard
43 verbose cwd C:\Users\hoang\WebstormProjects\deployd-push-dashboard
44 error Windows_NT 10.0.10586
45 error argv "C:\\Program Files\\nodejs\\node.exe" "C:\\Program Files\\nodejs\\node_modules\\npm\\bin\\npm-cli.js" "publish"
46 error node v6.2.1
47 error npm  v3.9.3
48 error code E403
49 error "You cannot publish over the previously published version 1.0.0." : dpd-push-dashboard
50 error If you need help, you may report this error at:
50 error     <https://github.com/npm/npm/issues>
51 verbose exit [ 1, true ]
